<?xml version="1.0" encoding="UTF-8"?>
<coverage generated="1650641501504" clover="3.2.0">
  <project timestamp="1650641501504" name="All files">
    <metrics statements="60" coveredstatements="60" conditionals="40" coveredconditionals="38" methods="20" coveredmethods="20" elements="120" coveredelements="118" complexity="0" loc="60" ncloc="60" packages="1" files="7" classes="7"/>
    <file name="DateAndTime.js" path="/opt/workspace/cleanCodeAndCleanArchitectureCourse/refactoringExercise/dist/src/DateAndTime.js">
      <metrics statements="4" coveredstatements="4" conditionals="2" coveredconditionals="2" methods="2" coveredmethods="2"/>
      <line num="2" count="1" type="stmt"/>
      <line num="5" count="16" type="cond" truecount="2" falsecount="0"/>
      <line num="8" count="11" type="stmt"/>
      <line num="11" count="1" type="stmt"/>
    </file>
    <file name="FareCalculatorFactory.js" path="/opt/workspace/cleanCodeAndCleanArchitectureCourse/refactoringExercise/dist/src/FareCalculatorFactory.js">
      <metrics statements="15" coveredstatements="15" conditionals="17" coveredconditionals="16" methods="2" coveredmethods="2"/>
      <line num="2" count="1" type="cond" truecount="3" falsecount="0"/>
      <line num="3" count="4" type="cond" truecount="3" falsecount="1"/>
      <line num="5" count="1" type="stmt"/>
      <line num="6" count="1" type="stmt"/>
      <line num="7" count="1" type="stmt"/>
      <line num="8" count="1" type="stmt"/>
      <line num="9" count="1" type="stmt"/>
      <line num="12" count="9" type="cond" truecount="4" falsecount="0"/>
      <line num="13" count="2" type="stmt"/>
      <line num="15" count="7" type="cond" truecount="4" falsecount="0"/>
      <line num="16" count="2" type="stmt"/>
      <line num="18" count="5" type="cond" truecount="2" falsecount="0"/>
      <line num="19" count="2" type="stmt"/>
      <line num="21" count="3" type="stmt"/>
      <line num="24" count="1" type="stmt"/>
    </file>
    <file name="NormalFareCalculator.js" path="/opt/workspace/cleanCodeAndCleanArchitectureCourse/refactoringExercise/dist/src/NormalFareCalculator.js">
      <metrics statements="4" coveredstatements="4" conditionals="0" coveredconditionals="0" methods="2" coveredmethods="2"/>
      <line num="2" count="1" type="stmt"/>
      <line num="5" count="3" type="stmt"/>
      <line num="8" count="3" type="stmt"/>
      <line num="11" count="1" type="stmt"/>
    </file>
    <file name="OvernightFareCalculator.js" path="/opt/workspace/cleanCodeAndCleanArchitectureCourse/refactoringExercise/dist/src/OvernightFareCalculator.js">
      <metrics statements="4" coveredstatements="4" conditionals="0" coveredconditionals="0" methods="2" coveredmethods="2"/>
      <line num="2" count="1" type="stmt"/>
      <line num="5" count="2" type="stmt"/>
      <line num="8" count="2" type="stmt"/>
      <line num="11" count="1" type="stmt"/>
    </file>
    <file name="OvernightSundayFareCalculator.js" path="/opt/workspace/cleanCodeAndCleanArchitectureCourse/refactoringExercise/dist/src/OvernightSundayFareCalculator.js">
      <metrics statements="4" coveredstatements="4" conditionals="0" coveredconditionals="0" methods="2" coveredmethods="2"/>
      <line num="2" count="1" type="stmt"/>
      <line num="5" count="2" type="stmt"/>
      <line num="8" count="2" type="stmt"/>
      <line num="11" count="1" type="stmt"/>
    </file>
    <file name="Ride.js" path="/opt/workspace/cleanCodeAndCleanArchitectureCourse/refactoringExercise/dist/src/Ride.js">
      <metrics statements="25" coveredstatements="25" conditionals="21" coveredconditionals="20" methods="8" coveredmethods="8"/>
      <line num="2" count="1" type="cond" truecount="3" falsecount="0"/>
      <line num="3" count="1" type="cond" truecount="3" falsecount="1"/>
      <line num="5" count="1" type="stmt"/>
      <line num="6" count="1" type="stmt"/>
      <line num="9" count="11" type="stmt"/>
      <line num="10" count="11" type="stmt"/>
      <line num="11" count="11" type="stmt"/>
      <line num="12" count="11" type="stmt"/>
      <line num="13" count="11" type="cond" truecount="2" falsecount="0"/>
      <line num="14" count="1" type="stmt"/>
      <line num="15" count="10" type="cond" truecount="2" falsecount="0"/>
      <line num="16" count="1" type="stmt"/>
      <line num="19" count="11" type="cond" truecount="4" falsecount="0"/>
      <line num="22" count="10" type="cond" truecount="4" falsecount="0"/>
      <line num="27" count="8" type="stmt"/>
      <line num="28" count="8" type="stmt"/>
      <line num="29" count="8" type="stmt"/>
      <line num="32" count="11" type="stmt"/>
      <line num="35" count="6" type="stmt"/>
      <line num="36" count="6" type="stmt"/>
      <line num="37" count="9" type="stmt"/>
      <line num="38" count="9" type="stmt"/>
      <line num="40" count="6" type="cond" truecount="2" falsecount="0"/>
      <line num="43" count="6" type="stmt"/>
      <line num="46" count="1" type="stmt"/>
    </file>
    <file name="SundayFareCalculator.js" path="/opt/workspace/cleanCodeAndCleanArchitectureCourse/refactoringExercise/dist/src/SundayFareCalculator.js">
      <metrics statements="4" coveredstatements="4" conditionals="0" coveredconditionals="0" methods="2" coveredmethods="2"/>
      <line num="2" count="1" type="stmt"/>
      <line num="5" count="2" type="stmt"/>
      <line num="8" count="2" type="stmt"/>
      <line num="11" count="1" type="stmt"/>
    </file>
  </project>
</coverage>
