TN:
SF:dist/src/DateAndTime.js
FN:4,(anonymous_0)
FN:7,(anonymous_1)
FNF:2
FNH:2
FNDA:16,(anonymous_0)
FNDA:11,(anonymous_1)
DA:2,1
DA:5,16
DA:8,11
DA:11,1
LF:4
LH:4
BRDA:5,0,0,16
BRDA:5,0,1,10
BRF:2
BRH:2
end_of_record
TN:
SF:dist/src/FareCalculatorFactory.js
FN:2,(anonymous_0)
FN:11,(anonymous_1)
FNF:2
FNH:2
FNDA:4,(anonymous_0)
FNDA:9,(anonymous_1)
DA:2,1
DA:3,4
DA:5,1
DA:6,1
DA:7,1
DA:8,1
DA:9,1
DA:12,9
DA:13,2
DA:15,7
DA:16,2
DA:18,5
DA:19,2
DA:21,3
DA:24,1
LF:15
LH:15
BRDA:2,0,0,1
BRDA:2,0,1,1
BRDA:2,0,2,1
BRDA:3,1,0,4
BRDA:3,1,1,0
BRDA:3,2,0,4
BRDA:3,2,1,4
BRDA:12,3,0,2
BRDA:12,3,1,7
BRDA:12,4,0,9
BRDA:12,4,1,4
BRDA:15,5,0,2
BRDA:15,5,1,5
BRDA:15,6,0,7
BRDA:15,6,1,2
BRDA:18,7,0,2
BRDA:18,7,1,3
BRF:17
BRH:16
end_of_record
TN:
SF:dist/src/NormalFareCalculator.js
FN:4,(anonymous_0)
FN:7,(anonymous_1)
FNF:2
FNH:2
FNDA:3,(anonymous_0)
FNDA:3,(anonymous_1)
DA:2,1
DA:5,3
DA:8,3
DA:11,1
LF:4
LH:4
BRF:0
BRH:0
end_of_record
TN:
SF:dist/src/OvernightFareCalculator.js
FN:4,(anonymous_0)
FN:7,(anonymous_1)
FNF:2
FNH:2
FNDA:2,(anonymous_0)
FNDA:2,(anonymous_1)
DA:2,1
DA:5,2
DA:8,2
DA:11,1
LF:4
LH:4
BRF:0
BRH:0
end_of_record
TN:
SF:dist/src/OvernightSundayFareCalculator.js
FN:4,(anonymous_0)
FN:7,(anonymous_1)
FNF:2
FNH:2
FNDA:2,(anonymous_0)
FNDA:2,(anonymous_1)
DA:2,1
DA:5,2
DA:8,2
DA:11,1
LF:4
LH:4
BRF:0
BRH:0
end_of_record
TN:
SF:dist/src/Ride.js
FN:2,(anonymous_0)
FN:8,(anonymous_1)
FN:18,(anonymous_2)
FN:21,(anonymous_3)
FN:26,(anonymous_4)
FN:31,(anonymous_5)
FN:34,(anonymous_6)
FN:42,(anonymous_7)
FNF:8
FNH:8
FNDA:1,(anonymous_0)
FNDA:11,(anonymous_1)
FNDA:11,(anonymous_2)
FNDA:10,(anonymous_3)
FNDA:8,(anonymous_4)
FNDA:11,(anonymous_5)
FNDA:6,(anonymous_6)
FNDA:6,(anonymous_7)
DA:2,1
DA:3,1
DA:5,1
DA:6,1
DA:9,11
DA:10,11
DA:11,11
DA:12,11
DA:13,11
DA:14,1
DA:15,10
DA:16,1
DA:19,11
DA:22,10
DA:27,8
DA:28,8
DA:29,8
DA:32,11
DA:35,6
DA:36,6
DA:37,9
DA:38,9
DA:40,6
DA:43,6
DA:46,1
LF:25
LH:25
BRDA:2,0,0,1
BRDA:2,0,1,1
BRDA:2,0,2,1
BRDA:3,1,0,1
BRDA:3,1,1,0
BRDA:3,2,0,1
BRDA:3,2,1,1
BRDA:13,3,0,1
BRDA:13,3,1,10
BRDA:15,4,0,1
BRDA:15,4,1,9
BRDA:19,5,0,11
BRDA:19,5,1,11
BRDA:19,5,2,11
BRDA:19,5,3,11
BRDA:22,6,0,10
BRDA:22,6,1,10
BRDA:22,6,2,10
BRDA:22,6,3,10
BRDA:40,7,0,1
BRDA:40,7,1,5
BRF:21
BRH:20
end_of_record
TN:
SF:dist/src/SundayFareCalculator.js
FN:4,(anonymous_0)
FN:7,(anonymous_1)
FNF:2
FNH:2
FNDA:2,(anonymous_0)
FNDA:2,(anonymous_1)
DA:2,1
DA:5,2
DA:8,2
DA:11,1
LF:4
LH:4
BRF:0
BRH:0
end_of_record
