<?xml version="1.0" encoding="UTF-8"?>
<coverage generated="1650620841125" clover="3.2.0">
  <project timestamp="1650620841125" name="All files">
    <metrics statements="34" coveredstatements="34" conditionals="26" coveredconditionals="26" methods="8" coveredmethods="8" elements="68" coveredelements="68" complexity="0" loc="34" ncloc="34" packages="1" files="1" classes="1"/>
    <file name="Ride.js" path="/opt/workspace/cleanCodeAndCleanArchitectureCourse/dist/src/Ride.js">
      <metrics statements="34" coveredstatements="34" conditionals="26" coveredconditionals="26" methods="8" coveredmethods="8"/>
      <line num="2" count="1" type="stmt"/>
      <line num="4" count="7" type="cond" truecount="4" falsecount="0"/>
      <line num="7" count="6" type="cond" truecount="4" falsecount="0"/>
      <line num="10" count="9" type="cond" truecount="2" falsecount="0"/>
      <line num="13" count="6" type="stmt"/>
      <line num="17" count="7" type="stmt"/>
      <line num="18" count="7" type="stmt"/>
      <line num="19" count="7" type="stmt"/>
      <line num="20" count="7" type="stmt"/>
      <line num="25" count="7" type="stmt"/>
      <line num="26" count="7" type="stmt"/>
      <line num="27" count="7" type="stmt"/>
      <line num="28" count="7" type="stmt"/>
      <line num="29" count="7" type="stmt"/>
      <line num="30" count="7" type="stmt"/>
      <line num="33" count="7" type="stmt"/>
      <line num="36" count="7" type="stmt"/>
      <line num="37" count="7" type="stmt"/>
      <line num="38" count="7" type="cond" truecount="2" falsecount="0"/>
      <line num="39" count="1" type="stmt"/>
      <line num="40" count="6" type="cond" truecount="2" falsecount="0"/>
      <line num="41" count="1" type="stmt"/>
      <line num="42" count="5" type="cond" truecount="4" falsecount="0"/>
      <line num="43" count="1" type="stmt"/>
      <line num="44" count="1" type="stmt"/>
      <line num="46" count="4" type="cond" truecount="4" falsecount="0"/>
      <line num="47" count="1" type="stmt"/>
      <line num="48" count="1" type="stmt"/>
      <line num="50" count="3" type="cond" truecount="2" falsecount="0"/>
      <line num="51" count="1" type="stmt"/>
      <line num="52" count="1" type="stmt"/>
      <line num="54" count="2" type="stmt"/>
      <line num="56" count="5" type="cond" truecount="2" falsecount="0"/>
      <line num="59" count="1" type="stmt"/>
    </file>
  </project>
</coverage>
