{"/opt/workspace/cleanCodeAndCleanArchitectureCourse/dist/src/FareCalculator.js": {"path":"/opt/workspace/cleanCodeAndCleanArchitectureCourse/dist/src/FareCalculator.js","statementMap":{"0":{"start":{"line":2,"column":0},"end":{"line":2,"column":62}},"1":{"start":{"line":3,"column":0},"end":{"line":3,"column":175}},"2":{"start":{"line":5,"column":4},"end":{"line":5,"column":37}},"3":{"start":{"line":8,"column":4},"end":{"line":8,"column":23}},"4":{"start":{"line":13,"column":8},"end":{"line":13,"column":25}},"5":{"start":{"line":16,"column":8},"end":{"line":16,"column":32}},"6":{"start":{"line":19,"column":0},"end":{"line":19,"column":52}},"7":{"start":{"line":22,"column":8},"end":{"line":22,"column":24}},"8":{"start":{"line":25,"column":8},"end":{"line":25,"column":32}},"9":{"start":{"line":28,"column":0},"end":{"line":28,"column":58}},"10":{"start":{"line":31,"column":8},"end":{"line":31,"column":24}},"11":{"start":{"line":34,"column":8},"end":{"line":34,"column":32}},"12":{"start":{"line":37,"column":0},"end":{"line":37,"column":52}},"13":{"start":{"line":40,"column":8},"end":{"line":40,"column":24}},"14":{"start":{"line":43,"column":8},"end":{"line":43,"column":32}},"15":{"start":{"line":46,"column":0},"end":{"line":46,"column":70}},"16":{"start":{"line":49,"column":8},"end":{"line":49,"column":30}},"17":{"start":{"line":50,"column":8},"end":{"line":50,"column":31}},"18":{"start":{"line":51,"column":8},"end":{"line":51,"column":35}},"19":{"start":{"line":54,"column":8},"end":{"line":56,"column":9}},"20":{"start":{"line":55,"column":12},"end":{"line":55,"column":49}},"21":{"start":{"line":57,"column":8},"end":{"line":59,"column":9}},"22":{"start":{"line":58,"column":12},"end":{"line":58,"column":55}},"23":{"start":{"line":60,"column":8},"end":{"line":62,"column":9}},"24":{"start":{"line":61,"column":12},"end":{"line":61,"column":46}},"25":{"start":{"line":63,"column":8},"end":{"line":63,"column":42}},"26":{"start":{"line":66,"column":0},"end":{"line":66,"column":54}}},"fnMap":{"0":{"name":"isOvernight","decl":{"start":{"line":4,"column":9},"end":{"line":4,"column":20}},"loc":{"start":{"line":4,"column":27},"end":{"line":6,"column":1}},"line":4},"1":{"name":"isSunday","decl":{"start":{"line":7,"column":9},"end":{"line":7,"column":17}},"loc":{"start":{"line":7,"column":23},"end":{"line":9,"column":1}},"line":7},"2":{"name":"(anonymous_2)","decl":{"start":{"line":12,"column":4},"end":{"line":12,"column":5}},"loc":{"start":{"line":12,"column":18},"end":{"line":14,"column":5}},"line":12},"3":{"name":"(anonymous_3)","decl":{"start":{"line":15,"column":4},"end":{"line":15,"column":5}},"loc":{"start":{"line":15,"column":26},"end":{"line":17,"column":5}},"line":15},"4":{"name":"(anonymous_4)","decl":{"start":{"line":21,"column":4},"end":{"line":21,"column":5}},"loc":{"start":{"line":21,"column":18},"end":{"line":23,"column":5}},"line":21},"5":{"name":"(anonymous_5)","decl":{"start":{"line":24,"column":4},"end":{"line":24,"column":5}},"loc":{"start":{"line":24,"column":26},"end":{"line":26,"column":5}},"line":24},"6":{"name":"(anonymous_6)","decl":{"start":{"line":30,"column":4},"end":{"line":30,"column":5}},"loc":{"start":{"line":30,"column":18},"end":{"line":32,"column":5}},"line":30},"7":{"name":"(anonymous_7)","decl":{"start":{"line":33,"column":4},"end":{"line":33,"column":5}},"loc":{"start":{"line":33,"column":26},"end":{"line":35,"column":5}},"line":33},"8":{"name":"(anonymous_8)","decl":{"start":{"line":39,"column":4},"end":{"line":39,"column":5}},"loc":{"start":{"line":39,"column":18},"end":{"line":41,"column":5}},"line":39},"9":{"name":"(anonymous_9)","decl":{"start":{"line":42,"column":4},"end":{"line":42,"column":5}},"loc":{"start":{"line":42,"column":26},"end":{"line":44,"column":5}},"line":42},"10":{"name":"(anonymous_10)","decl":{"start":{"line":48,"column":4},"end":{"line":48,"column":5}},"loc":{"start":{"line":48,"column":18},"end":{"line":52,"column":5}},"line":48},"11":{"name":"(anonymous_11)","decl":{"start":{"line":53,"column":4},"end":{"line":53,"column":5}},"loc":{"start":{"line":53,"column":23},"end":{"line":64,"column":5}},"line":53}},"branchMap":{"0":{"loc":{"start":{"line":5,"column":12},"end":{"line":5,"column":35}},"type":"binary-expr","locations":[{"start":{"line":5,"column":12},"end":{"line":5,"column":22}},{"start":{"line":5,"column":26},"end":{"line":5,"column":35}}],"line":5},"1":{"loc":{"start":{"line":54,"column":8},"end":{"line":56,"column":9}},"type":"if","locations":[{"start":{"line":54,"column":8},"end":{"line":56,"column":9}},{"start":{},"end":{}}],"line":54},"2":{"loc":{"start":{"line":54,"column":12},"end":{"line":54,"column":68}},"type":"binary-expr","locations":[{"start":{"line":54,"column":12},"end":{"line":54,"column":40}},{"start":{"line":54,"column":44},"end":{"line":54,"column":68}}],"line":54},"3":{"loc":{"start":{"line":57,"column":8},"end":{"line":59,"column":9}},"type":"if","locations":[{"start":{"line":57,"column":8},"end":{"line":59,"column":9}},{"start":{},"end":{}}],"line":57},"4":{"loc":{"start":{"line":57,"column":12},"end":{"line":57,"column":67}},"type":"binary-expr","locations":[{"start":{"line":57,"column":12},"end":{"line":57,"column":40}},{"start":{"line":57,"column":44},"end":{"line":57,"column":67}}],"line":57},"5":{"loc":{"start":{"line":60,"column":8},"end":{"line":62,"column":9}},"type":"if","locations":[{"start":{"line":60,"column":8},"end":{"line":62,"column":9}},{"start":{},"end":{}}],"line":60}},"s":{"0":1,"1":1,"2":16,"3":11,"4":3,"5":3,"6":1,"7":2,"8":2,"9":1,"10":2,"11":2,"12":1,"13":2,"14":2,"15":1,"16":9,"17":9,"18":9,"19":9,"20":2,"21":7,"22":2,"23":5,"24":2,"25":3,"26":1},"f":{"0":16,"1":11,"2":3,"3":3,"4":2,"5":2,"6":2,"7":2,"8":2,"9":2,"10":9,"11":9},"b":{"0":[16,10],"1":[2,7],"2":[9,4],"3":[2,5],"4":[7,2],"5":[2,3]},"_coverageSchema":"1a1c01bbd47fc00a2c39e90264f33305004495a9","hash":"a8761d4542fcb1738a009a738fac2a1319e4e9a7"}
,"/opt/workspace/cleanCodeAndCleanArchitectureCourse/dist/src/Ride.js": {"path":"/opt/workspace/cleanCodeAndCleanArchitectureCourse/dist/src/Ride.js","statementMap":{"0":{"start":{"line":2,"column":0},"end":{"line":2,"column":62}},"1":{"start":{"line":3,"column":25},"end":{"line":3,"column":52}},"2":{"start":{"line":6,"column":8},"end":{"line":6,"column":25}},"3":{"start":{"line":7,"column":8},"end":{"line":7,"column":25}},"4":{"start":{"line":8,"column":8},"end":{"line":8,"column":34}},"5":{"start":{"line":9,"column":8},"end":{"line":9,"column":31}},"6":{"start":{"line":10,"column":8},"end":{"line":11,"column":48}},"7":{"start":{"line":11,"column":12},"end":{"line":11,"column":48}},"8":{"start":{"line":12,"column":8},"end":{"line":13,"column":44}},"9":{"start":{"line":13,"column":12},"end":{"line":13,"column":44}},"10":{"start":{"line":16,"column":8},"end":{"line":16,"column":91}},"11":{"start":{"line":19,"column":8},"end":{"line":19,"column":113}},"12":{"start":{"line":24,"column":8},"end":{"line":24,"column":27}},"13":{"start":{"line":25,"column":8},"end":{"line":25,"column":27}},"14":{"start":{"line":26,"column":8},"end":{"line":26,"column":80}},"15":{"start":{"line":29,"column":8},"end":{"line":29,"column":52}},"16":{"start":{"line":32,"column":21},"end":{"line":32,"column":22}},"17":{"start":{"line":33,"column":8},"end":{"line":36,"column":9}},"18":{"start":{"line":34,"column":33},"end":{"line":34,"column":94}},"19":{"start":{"line":35,"column":12},"end":{"line":35,"column":75}},"20":{"start":{"line":37,"column":8},"end":{"line":37,"column":65}},"21":{"start":{"line":40,"column":8},"end":{"line":40,"column":37}},"22":{"start":{"line":43,"column":0},"end":{"line":43,"column":23}}},"fnMap":{"0":{"name":"(anonymous_0)","decl":{"start":{"line":5,"column":4},"end":{"line":5,"column":5}},"loc":{"start":{"line":5,"column":28},"end":{"line":14,"column":5}},"line":5},"1":{"name":"(anonymous_1)","decl":{"start":{"line":15,"column":4},"end":{"line":15,"column":5}},"loc":{"start":{"line":15,"column":26},"end":{"line":17,"column":5}},"line":15},"2":{"name":"(anonymous_2)","decl":{"start":{"line":18,"column":4},"end":{"line":18,"column":5}},"loc":{"start":{"line":18,"column":22},"end":{"line":20,"column":5}},"line":18},"3":{"name":"(anonymous_3)","decl":{"start":{"line":23,"column":4},"end":{"line":23,"column":5}},"loc":{"start":{"line":23,"column":39},"end":{"line":27,"column":5}},"line":23},"4":{"name":"(anonymous_4)","decl":{"start":{"line":28,"column":4},"end":{"line":28,"column":5}},"loc":{"start":{"line":28,"column":27},"end":{"line":30,"column":5}},"line":28},"5":{"name":"(anonymous_5)","decl":{"start":{"line":31,"column":4},"end":{"line":31,"column":5}},"loc":{"start":{"line":31,"column":21},"end":{"line":38,"column":5}},"line":31},"6":{"name":"(anonymous_6)","decl":{"start":{"line":39,"column":4},"end":{"line":39,"column":5}},"loc":{"start":{"line":39,"column":13},"end":{"line":41,"column":5}},"line":39}},"branchMap":{"0":{"loc":{"start":{"line":10,"column":8},"end":{"line":11,"column":48}},"type":"if","locations":[{"start":{"line":10,"column":8},"end":{"line":11,"column":48}},{"start":{},"end":{}}],"line":10},"1":{"loc":{"start":{"line":12,"column":8},"end":{"line":13,"column":44}},"type":"if","locations":[{"start":{"line":12,"column":8},"end":{"line":13,"column":44}},{"start":{},"end":{}}],"line":12},"2":{"loc":{"start":{"line":16,"column":16},"end":{"line":16,"column":89}},"type":"binary-expr","locations":[{"start":{"line":16,"column":16},"end":{"line":16,"column":28}},{"start":{"line":16,"column":32},"end":{"line":16,"column":49}},{"start":{"line":16,"column":53},"end":{"line":16,"column":77}},{"start":{"line":16,"column":81},"end":{"line":16,"column":89}}],"line":16},"3":{"loc":{"start":{"line":19,"column":16},"end":{"line":19,"column":111}},"type":"binary-expr","locations":[{"start":{"line":19,"column":16},"end":{"line":19,"column":28}},{"start":{"line":19,"column":32},"end":{"line":19,"column":49}},{"start":{"line":19,"column":53},"end":{"line":19,"column":73}},{"start":{"line":19,"column":77},"end":{"line":19,"column":111}}],"line":19},"4":{"loc":{"start":{"line":37,"column":15},"end":{"line":37,"column":64}},"type":"cond-expr","locations":[{"start":{"line":37,"column":42},"end":{"line":37,"column":55}},{"start":{"line":37,"column":58},"end":{"line":37,"column":64}}],"line":37}},"s":{"0":1,"1":1,"2":11,"3":11,"4":11,"5":11,"6":11,"7":1,"8":10,"9":1,"10":11,"11":10,"12":8,"13":8,"14":8,"15":11,"16":6,"17":6,"18":9,"19":9,"20":6,"21":6,"22":1},"f":{"0":11,"1":11,"2":10,"3":8,"4":11,"5":6,"6":6},"b":{"0":[1,10],"1":[1,9],"2":[11,11,11,11],"3":[10,10,10,10],"4":[1,5]},"_coverageSchema":"1a1c01bbd47fc00a2c39e90264f33305004495a9","hash":"9a43ca52d0fff87394d02bde52431a730c0fc21b"}
}
