{"/opt/workspace/cleanCodeAndCleanArchitectureCourse/dist/src/Ride.js": {"path":"/opt/workspace/cleanCodeAndCleanArchitectureCourse/dist/src/Ride.js","statementMap":{"0":{"start":{"line":2,"column":0},"end":{"line":2,"column":62}},"1":{"start":{"line":4,"column":4},"end":{"line":4,"column":87}},"2":{"start":{"line":7,"column":4},"end":{"line":7,"column":109}},"3":{"start":{"line":10,"column":4},"end":{"line":10,"column":37}},"4":{"start":{"line":13,"column":4},"end":{"line":13,"column":23}},"5":{"start":{"line":17,"column":8},"end":{"line":17,"column":33}},"6":{"start":{"line":18,"column":8},"end":{"line":18,"column":25}},"7":{"start":{"line":19,"column":8},"end":{"line":19,"column":34}},"8":{"start":{"line":20,"column":8},"end":{"line":20,"column":31}},"9":{"start":{"line":25,"column":8},"end":{"line":25,"column":26}},"10":{"start":{"line":26,"column":8},"end":{"line":26,"column":31}},"11":{"start":{"line":27,"column":8},"end":{"line":27,"column":30}},"12":{"start":{"line":28,"column":8},"end":{"line":28,"column":31}},"13":{"start":{"line":29,"column":8},"end":{"line":29,"column":35}},"14":{"start":{"line":30,"column":8},"end":{"line":30,"column":27}},"15":{"start":{"line":33,"column":8},"end":{"line":33,"column":52}},"16":{"start":{"line":36,"column":21},"end":{"line":36,"column":22}},"17":{"start":{"line":37,"column":8},"end":{"line":55,"column":9}},"18":{"start":{"line":38,"column":12},"end":{"line":39,"column":52}},"19":{"start":{"line":39,"column":16},"end":{"line":39,"column":52}},"20":{"start":{"line":40,"column":12},"end":{"line":41,"column":48}},"21":{"start":{"line":41,"column":16},"end":{"line":41,"column":48}},"22":{"start":{"line":42,"column":12},"end":{"line":45,"column":13}},"23":{"start":{"line":43,"column":16},"end":{"line":43,"column":60}},"24":{"start":{"line":44,"column":16},"end":{"line":44,"column":25}},"25":{"start":{"line":46,"column":12},"end":{"line":49,"column":13}},"26":{"start":{"line":47,"column":16},"end":{"line":47,"column":66}},"27":{"start":{"line":48,"column":16},"end":{"line":48,"column":25}},"28":{"start":{"line":50,"column":12},"end":{"line":53,"column":13}},"29":{"start":{"line":51,"column":16},"end":{"line":51,"column":61}},"30":{"start":{"line":52,"column":16},"end":{"line":52,"column":25}},"31":{"start":{"line":54,"column":12},"end":{"line":54,"column":57}},"32":{"start":{"line":56,"column":8},"end":{"line":56,"column":63}},"33":{"start":{"line":59,"column":0},"end":{"line":59,"column":23}}},"fnMap":{"0":{"name":"isValidDistance","decl":{"start":{"line":3,"column":9},"end":{"line":3,"column":24}},"loc":{"start":{"line":3,"column":31},"end":{"line":5,"column":1}},"line":3},"1":{"name":"isValidDate","decl":{"start":{"line":6,"column":9},"end":{"line":6,"column":20}},"loc":{"start":{"line":6,"column":27},"end":{"line":8,"column":1}},"line":6},"2":{"name":"isOvernight","decl":{"start":{"line":9,"column":9},"end":{"line":9,"column":20}},"loc":{"start":{"line":9,"column":27},"end":{"line":11,"column":1}},"line":9},"3":{"name":"isSunday","decl":{"start":{"line":12,"column":9},"end":{"line":12,"column":17}},"loc":{"start":{"line":12,"column":23},"end":{"line":14,"column":1}},"line":12},"4":{"name":"(anonymous_4)","decl":{"start":{"line":16,"column":4},"end":{"line":16,"column":5}},"loc":{"start":{"line":16,"column":32},"end":{"line":21,"column":5}},"line":16},"5":{"name":"(anonymous_5)","decl":{"start":{"line":24,"column":4},"end":{"line":24,"column":5}},"loc":{"start":{"line":24,"column":18},"end":{"line":31,"column":5}},"line":24},"6":{"name":"(anonymous_6)","decl":{"start":{"line":32,"column":4},"end":{"line":32,"column":5}},"loc":{"start":{"line":32,"column":27},"end":{"line":34,"column":5}},"line":32},"7":{"name":"(anonymous_7)","decl":{"start":{"line":35,"column":4},"end":{"line":35,"column":5}},"loc":{"start":{"line":35,"column":13},"end":{"line":57,"column":5}},"line":35}},"branchMap":{"0":{"loc":{"start":{"line":4,"column":12},"end":{"line":4,"column":85}},"type":"binary-expr","locations":[{"start":{"line":4,"column":12},"end":{"line":4,"column":24}},{"start":{"line":4,"column":28},"end":{"line":4,"column":45}},{"start":{"line":4,"column":49},"end":{"line":4,"column":73}},{"start":{"line":4,"column":77},"end":{"line":4,"column":85}}],"line":4},"1":{"loc":{"start":{"line":7,"column":12},"end":{"line":7,"column":107}},"type":"binary-expr","locations":[{"start":{"line":7,"column":12},"end":{"line":7,"column":24}},{"start":{"line":7,"column":28},"end":{"line":7,"column":45}},{"start":{"line":7,"column":49},"end":{"line":7,"column":69}},{"start":{"line":7,"column":73},"end":{"line":7,"column":107}}],"line":7},"2":{"loc":{"start":{"line":10,"column":12},"end":{"line":10,"column":35}},"type":"binary-expr","locations":[{"start":{"line":10,"column":12},"end":{"line":10,"column":22}},{"start":{"line":10,"column":26},"end":{"line":10,"column":35}}],"line":10},"3":{"loc":{"start":{"line":38,"column":12},"end":{"line":39,"column":52}},"type":"if","locations":[{"start":{"line":38,"column":12},"end":{"line":39,"column":52}},{"start":{},"end":{}}],"line":38},"4":{"loc":{"start":{"line":40,"column":12},"end":{"line":41,"column":48}},"type":"if","locations":[{"start":{"line":40,"column":12},"end":{"line":41,"column":48}},{"start":{},"end":{}}],"line":40},"5":{"loc":{"start":{"line":42,"column":12},"end":{"line":45,"column":13}},"type":"if","locations":[{"start":{"line":42,"column":12},"end":{"line":45,"column":13}},{"start":{},"end":{}}],"line":42},"6":{"loc":{"start":{"line":42,"column":16},"end":{"line":42,"column":88}},"type":"binary-expr","locations":[{"start":{"line":42,"column":16},"end":{"line":42,"column":52}},{"start":{"line":42,"column":56},"end":{"line":42,"column":88}}],"line":42},"7":{"loc":{"start":{"line":46,"column":12},"end":{"line":49,"column":13}},"type":"if","locations":[{"start":{"line":46,"column":12},"end":{"line":49,"column":13}},{"start":{},"end":{}}],"line":46},"8":{"loc":{"start":{"line":46,"column":16},"end":{"line":46,"column":87}},"type":"binary-expr","locations":[{"start":{"line":46,"column":16},"end":{"line":46,"column":52}},{"start":{"line":46,"column":56},"end":{"line":46,"column":87}}],"line":46},"9":{"loc":{"start":{"line":50,"column":12},"end":{"line":53,"column":13}},"type":"if","locations":[{"start":{"line":50,"column":12},"end":{"line":53,"column":13}},{"start":{},"end":{}}],"line":50},"10":{"loc":{"start":{"line":56,"column":15},"end":{"line":56,"column":62}},"type":"cond-expr","locations":[{"start":{"line":56,"column":41},"end":{"line":56,"column":53}},{"start":{"line":56,"column":56},"end":{"line":56,"column":62}}],"line":56}},"s":{"0":1,"1":7,"2":6,"3":9,"4":6,"5":7,"6":7,"7":7,"8":7,"9":7,"10":7,"11":7,"12":7,"13":7,"14":7,"15":7,"16":7,"17":7,"18":7,"19":1,"20":6,"21":1,"22":5,"23":1,"24":1,"25":4,"26":1,"27":1,"28":3,"29":1,"30":1,"31":2,"32":5,"33":1},"f":{"0":7,"1":6,"2":9,"3":6,"4":7,"5":7,"6":7,"7":7},"b":{"0":[7,7,7,7],"1":[6,6,6,6],"2":[9,6],"3":[1,6],"4":[1,5],"5":[1,4],"6":[5,2],"7":[1,3],"8":[4,1],"9":[1,2],"10":[1,4]},"_coverageSchema":"1a1c01bbd47fc00a2c39e90264f33305004495a9","hash":"c0cc42883864dd11fc536f8604183dffde802f86"}
}
