TN:
SF:dist/src/Ride.js
FN:3,isValidDistance
FN:6,isValidDate
FN:9,isOvernight
FN:12,isSunday
FN:16,(anonymous_4)
FN:24,(anonymous_5)
FN:32,(anonymous_6)
FN:35,(anonymous_7)
FNF:8
FNH:8
FNDA:7,isValidDistance
FNDA:6,isValidDate
FNDA:9,isOvernight
FNDA:6,isSunday
FNDA:7,(anonymous_4)
FNDA:7,(anonymous_5)
FNDA:7,(anonymous_6)
FNDA:7,(anonymous_7)
DA:2,1
DA:4,7
DA:7,6
DA:10,9
DA:13,6
DA:17,7
DA:18,7
DA:19,7
DA:20,7
DA:25,7
DA:26,7
DA:27,7
DA:28,7
DA:29,7
DA:30,7
DA:33,7
DA:36,7
DA:37,7
DA:38,7
DA:39,1
DA:40,6
DA:41,1
DA:42,5
DA:43,1
DA:44,1
DA:46,4
DA:47,1
DA:48,1
DA:50,3
DA:51,1
DA:52,1
DA:54,2
DA:56,5
DA:59,1
LF:34
LH:34
BRDA:4,0,0,7
BRDA:4,0,1,7
BRDA:4,0,2,7
BRDA:4,0,3,7
BRDA:7,1,0,6
BRDA:7,1,1,6
BRDA:7,1,2,6
BRDA:7,1,3,6
BRDA:10,2,0,9
BRDA:10,2,1,6
BRDA:38,3,0,1
BRDA:38,3,1,6
BRDA:40,4,0,1
BRDA:40,4,1,5
BRDA:42,5,0,1
BRDA:42,5,1,4
BRDA:42,6,0,5
BRDA:42,6,1,2
BRDA:46,7,0,1
BRDA:46,7,1,3
BRDA:46,8,0,4
BRDA:46,8,1,1
BRDA:50,9,0,1
BRDA:50,9,1,2
BRDA:56,10,0,1
BRDA:56,10,1,4
BRF:26
BRH:26
end_of_record
