TN:
SF:dist/src/FareCalculator.js
FN:4,isOvernight
FN:7,isSunday
FN:12,(anonymous_2)
FN:15,(anonymous_3)
FN:21,(anonymous_4)
FN:24,(anonymous_5)
FN:30,(anonymous_6)
FN:33,(anonymous_7)
FN:39,(anonymous_8)
FN:42,(anonymous_9)
FN:48,(anonymous_10)
FN:53,(anonymous_11)
FNF:12
FNH:12
FNDA:16,isOvernight
FNDA:11,isSunday
FNDA:3,(anonymous_2)
FNDA:3,(anonymous_3)
FNDA:2,(anonymous_4)
FNDA:2,(anonymous_5)
FNDA:2,(anonymous_6)
FNDA:2,(anonymous_7)
FNDA:2,(anonymous_8)
FNDA:2,(anonymous_9)
FNDA:9,(anonymous_10)
FNDA:9,(anonymous_11)
DA:2,1
DA:3,1
DA:5,16
DA:8,11
DA:13,3
DA:16,3
DA:19,1
DA:22,2
DA:25,2
DA:28,1
DA:31,2
DA:34,2
DA:37,1
DA:40,2
DA:43,2
DA:46,1
DA:49,9
DA:50,9
DA:51,9
DA:54,9
DA:55,2
DA:57,7
DA:58,2
DA:60,5
DA:61,2
DA:63,3
DA:66,1
LF:27
LH:27
BRDA:5,0,0,16
BRDA:5,0,1,10
BRDA:54,1,0,2
BRDA:54,1,1,7
BRDA:54,2,0,9
BRDA:54,2,1,4
BRDA:57,3,0,2
BRDA:57,3,1,5
BRDA:57,4,0,7
BRDA:57,4,1,2
BRDA:60,5,0,2
BRDA:60,5,1,3
BRF:12
BRH:12
end_of_record
TN:
SF:dist/src/Ride.js
FN:5,(anonymous_0)
FN:15,(anonymous_1)
FN:18,(anonymous_2)
FN:23,(anonymous_3)
FN:28,(anonymous_4)
FN:31,(anonymous_5)
FN:39,(anonymous_6)
FNF:7
FNH:7
FNDA:11,(anonymous_0)
FNDA:11,(anonymous_1)
FNDA:10,(anonymous_2)
FNDA:8,(anonymous_3)
FNDA:11,(anonymous_4)
FNDA:6,(anonymous_5)
FNDA:6,(anonymous_6)
DA:2,1
DA:3,1
DA:6,11
DA:7,11
DA:8,11
DA:9,11
DA:10,11
DA:11,1
DA:12,10
DA:13,1
DA:16,11
DA:19,10
DA:24,8
DA:25,8
DA:26,8
DA:29,11
DA:32,6
DA:33,6
DA:34,9
DA:35,9
DA:37,6
DA:40,6
DA:43,1
LF:23
LH:23
BRDA:10,0,0,1
BRDA:10,0,1,10
BRDA:12,1,0,1
BRDA:12,1,1,9
BRDA:16,2,0,11
BRDA:16,2,1,11
BRDA:16,2,2,11
BRDA:16,2,3,11
BRDA:19,3,0,10
BRDA:19,3,1,10
BRDA:19,3,2,10
BRDA:19,3,3,10
BRDA:37,4,0,1
BRDA:37,4,1,5
BRF:14
BRH:14
end_of_record
